<?xml version="1.0" encoding="UTF-8"?>
<robot generator="Robot 7.2.2 (Python 3.12.6 on win32)" generated="2025-04-03T10:59:45.563215" rpa="false" schemaversion="5">
<suite id="s1" name="Tests" source="C:\Projetos\frontend-backend-tests-robotframework\frontend\tests">
<suite id="s1-s1" name="Compra Com Garantia" source="C:\Projetos\frontend-backend-tests-robotframework\frontend\tests\Compra_Com_Garantia.robot">
<kw name="Abrir Site Kabum" owner="keywords" type="SETUP">
<kw name="Open Browser" owner="SeleniumLibrary">
<msg time="2025-04-03T10:59:46.488263" level="INFO">Opening browser 'chrome' to base url 'https://www.kabum.com.br'.</msg>
<msg time="2025-04-03T10:59:47.129118" level="WARN">The chromedriver version (134.0.6998.165) detected in PATH at C:\Projetos\chromedriver.exe might not be compatible with the detected chrome version (135.0.7049.41); currently, chromedriver 135.0.7049.42 is recommended for chrome 135.*, so it is advised to delete the driver in PATH and retry</msg>
<arg>${URL}</arg>
<arg>${BROWSER}</arg>
<doc>Opens a new browser instance to the optional ``url``.</doc>
<status status="PASS" start="2025-04-03T10:59:46.486240" elapsed="13.087259"/>
</kw>
<kw name="Maximize Browser Window" owner="SeleniumLibrary">
<doc>Maximizes current browser window.</doc>
<status status="PASS" start="2025-04-03T10:59:59.573499" elapsed="1.711254"/>
</kw>
<kw name="Set Selenium Speed" owner="SeleniumLibrary">
<arg>0.3s</arg>
<doc>Sets the delay that is waited after each Selenium command.</doc>
<status status="PASS" start="2025-04-03T11:00:01.284753" elapsed="0.001026"/>
</kw>
<kw name="Wait Until Page Contains Element" owner="SeleniumLibrary">
<arg>${SEARCH_INPUT}</arg>
<doc>Waits until the element ``locator`` appears on the current page.</doc>
<status status="PASS" start="2025-04-03T11:00:01.285779" elapsed="0.388023"/>
</kw>
<kw name="Run Keyword And Ignore Error" owner="BuiltIn">
<kw name="Click Element" owner="SeleniumLibrary">
<msg time="2025-04-03T11:00:01.675825" level="INFO">Clicking element 'id=onetrust-accept-btn-handler'.</msg>
<arg>${COOKIES}</arg>
<doc>Click the element identified by ``locator``.</doc>
<status status="PASS" start="2025-04-03T11:00:01.674824" elapsed="1.494115"/>
</kw>
<arg>Click Element</arg>
<arg>${COOKIES}</arg>
<doc>Runs the given keyword with the given arguments and ignores possible error.</doc>
<status status="PASS" start="2025-04-03T11:00:01.673802" elapsed="1.495137"/>
</kw>
<kw name="Log To Console" owner="BuiltIn">
<arg>✅ Site Kabum aberto com sucesso</arg>
<doc>Logs the given message to the console.</doc>
<status status="PASS" start="2025-04-03T11:00:03.168939" elapsed="0.001564"/>
</kw>
<kw name="Log" owner="BuiltIn">
<msg time="2025-04-03T11:00:03.171537" level="INFO">Navegador aberto na URL https://www.kabum.com.br</msg>
<arg>Navegador aberto na URL ${URL}</arg>
<doc>Logs the given message with the given level.</doc>
<status status="PASS" start="2025-04-03T11:00:03.170503" elapsed="0.001034"/>
</kw>
<doc>Abre o navegador na URL configurada e aceita os cookies, se o popup estiver visível.</doc>
<status status="PASS" start="2025-04-03T10:59:46.486240" elapsed="16.685297"/>
</kw>
<test id="s1-s1-t1" name="TC01 - Fluxo de Compra com Garantia Estendida" line="10">
<kw name="Buscar e Selecionar Produto" owner="keywords">
<kw name="Input Text" owner="SeleniumLibrary">
<msg time="2025-04-03T11:00:03.176084" level="INFO">Typing text 'Notebook' into text field 'id=input-busca'.</msg>
<arg>${SEARCH_INPUT}</arg>
<arg>${produto}</arg>
<doc>Types the given ``text`` into the text field identified by ``locator``.</doc>
<status status="PASS" start="2025-04-03T11:00:03.175089" elapsed="1.648586"/>
</kw>
<kw name="Wait Until Element Is Visible" owner="SeleniumLibrary">
<arg>${SUGESTAO_PRODUTO}</arg>
<doc>Waits until the element ``locator`` is visible.</doc>
<status status="PASS" start="2025-04-03T11:00:04.823675" elapsed="1.718467"/>
</kw>
<kw name="Click Element" owner="SeleniumLibrary">
<msg time="2025-04-03T11:00:06.542660" level="INFO">Clicking element 'css=.DropdownSearchbar a.sc-dd558cc4-8:first-of-type'.</msg>
<arg>${SUGESTAO_PRODUTO}</arg>
<doc>Click the element identified by ``locator``.</doc>
<status status="PASS" start="2025-04-03T11:00:06.542660" elapsed="7.699929"/>
</kw>
<kw name="Wait Until Page Contains Element" owner="SeleniumLibrary">
<arg>${BOTAO_COMPRAR}</arg>
<doc>Waits until the element ``locator`` appears on the current page.</doc>
<status status="PASS" start="2025-04-03T11:00:14.243605" elapsed="0.396173"/>
</kw>
<kw name="Log To Console" owner="BuiltIn">
<arg>🔎 Produto "${produto}" selecionado com sucesso</arg>
<doc>Logs the given message to the console.</doc>
<status status="PASS" start="2025-04-03T11:00:14.639778" elapsed="0.001628"/>
</kw>
<kw name="Log" owner="BuiltIn">
<msg time="2025-04-03T11:00:14.641406" level="INFO">Busca concluída para: Notebook</msg>
<arg>Busca concluída para: ${produto}</arg>
<doc>Logs the given message with the given level.</doc>
<status status="PASS" start="2025-04-03T11:00:14.641406" elapsed="0.000000"/>
</kw>
<arg>${SEARCH_TERM}</arg>
<doc>Realiza a busca por um produto e clica na sugestão visível da pesquisa.</doc>
<status status="PASS" start="2025-04-03T11:00:03.174093" elapsed="11.469353"/>
</kw>
<kw name="Inserir CEP E Validar Modal de Frete" owner="keywords">
<kw name="Input Text" owner="SeleniumLibrary">
<msg time="2025-04-03T11:00:14.647508" level="INFO">Typing text '52071335' into text field 'id=inputCalcularFrete'.</msg>
<arg>${FRETE_INPUT}</arg>
<arg>${cep}</arg>
<doc>Types the given ``text`` into the text field identified by ``locator``.</doc>
<status status="PASS" start="2025-04-03T11:00:14.647508" elapsed="1.308999"/>
</kw>
<kw name="Click Element" owner="SeleniumLibrary">
<msg time="2025-04-03T11:00:15.957959" level="INFO">Clicking element 'id=botaoCalcularFrete'.</msg>
<arg>${CALCULAR_FRETE_BUTTON}</arg>
<doc>Click the element identified by ``locator``.</doc>
<status status="PASS" start="2025-04-03T11:00:15.957144" elapsed="0.980365"/>
</kw>
<kw name="Wait Until Element Is Visible" owner="SeleniumLibrary">
<arg>${MODAL_FRETE}</arg>
<doc>Waits until the element ``locator`` is visible.</doc>
<status status="PASS" start="2025-04-03T11:00:16.938146" elapsed="0.650081"/>
</kw>
<kw name="Element Should Be Visible" owner="SeleniumLibrary">
<msg time="2025-04-03T11:00:18.226131" level="INFO">Element 'xpath=//span[text()[contains(., "Entrega Econômica")]]' is displayed.</msg>
<arg>${FRETE_ECONOMICA}</arg>
<doc>Verifies that the element identified by ``locator`` is visible.</doc>
<status status="PASS" start="2025-04-03T11:00:17.588227" elapsed="0.637904"/>
</kw>
<kw name="Element Should Be Visible" owner="SeleniumLibrary">
<msg time="2025-04-03T11:00:18.874105" level="INFO">Element 'xpath=//span[text()[contains(., "Entrega Expressa")]]' is displayed.</msg>
<arg>${FRETE_EXPRESSA}</arg>
<doc>Verifies that the element identified by ``locator`` is visible.</doc>
<status status="PASS" start="2025-04-03T11:00:18.226733" elapsed="0.647372"/>
</kw>
<kw name="Log To Console" owner="BuiltIn">
<arg>📦 Modal de frete validado com sucesso para o CEP: ${cep}</arg>
<doc>Logs the given message to the console.</doc>
<status status="PASS" start="2025-04-03T11:00:18.874697" elapsed="0.000961"/>
</kw>
<kw name="Log" owner="BuiltIn">
<msg time="2025-04-03T11:00:18.876849" level="INFO">Frete validado com sucesso para o CEP 52071335</msg>
<arg>Frete validado com sucesso para o CEP ${cep}</arg>
<doc>Logs the given message with the given level.</doc>
<status status="PASS" start="2025-04-03T11:00:18.876248" elapsed="0.000601"/>
</kw>
<arg>${CEP_VALIDO}</arg>
<doc>Insere o CEP informado e valida se as opções de frete estão visíveis no modal.</doc>
<status status="PASS" start="2025-04-03T11:00:14.646174" elapsed="4.231244"/>
</kw>
<kw name="Fechar Modal de Frete" owner="keywords">
<kw name="Wait Until Element Is Visible" owner="SeleniumLibrary">
<arg>${BOTAO_FECHAR_MODAL}</arg>
<doc>Waits until the element ``locator`` is visible.</doc>
<status status="PASS" start="2025-04-03T11:00:18.879346" elapsed="0.675330"/>
</kw>
<kw name="Wait Until Element Is Enabled" owner="SeleniumLibrary">
<arg>${BOTAO_FECHAR_MODAL}</arg>
<doc>Waits until the element ``locator`` is enabled.</doc>
<status status="PASS" start="2025-04-03T11:00:19.555860" elapsed="0.973572"/>
</kw>
<kw name="Click Element" owner="SeleniumLibrary">
<msg time="2025-04-03T11:00:20.530611" level="INFO">Clicking element 'css=div[role="dialog"] button[aria-label="Fechar"]'.</msg>
<arg>${BOTAO_FECHAR_MODAL}</arg>
<doc>Click the element identified by ``locator``.</doc>
<status status="PASS" start="2025-04-03T11:00:20.529820" elapsed="0.857752"/>
</kw>
<kw name="Log To Console" owner="BuiltIn">
<arg>✅ Modal de frete fechado com sucesso</arg>
<doc>Logs the given message to the console.</doc>
<status status="PASS" start="2025-04-03T11:00:21.387572" elapsed="0.000000"/>
</kw>
<kw name="Log" owner="BuiltIn">
<msg time="2025-04-03T11:00:21.389136" level="INFO">Modal de frete fechado</msg>
<arg>Modal de frete fechado</arg>
<doc>Logs the given message with the given level.</doc>
<status status="PASS" start="2025-04-03T11:00:21.389136" elapsed="0.000000"/>
</kw>
<doc>Fecha o modal de opções de frete.</doc>
<status status="PASS" start="2025-04-03T11:00:18.878200" elapsed="2.510936"/>
</kw>
<kw name="Adicionar Produto ao Carrinho" owner="keywords">
<kw name="Wait Until Element Is Visible" owner="SeleniumLibrary">
<arg>${BOTAO_COMPRAR}</arg>
<doc>Waits until the element ``locator`` is visible.</doc>
<status status="PASS" start="2025-04-03T11:00:21.391156" elapsed="0.668825"/>
</kw>
<kw name="Wait Until Element Is Enabled" owner="SeleniumLibrary">
<arg>${BOTAO_COMPRAR}</arg>
<doc>Waits until the element ``locator`` is enabled.</doc>
<status status="PASS" start="2025-04-03T11:00:22.059981" elapsed="0.950645"/>
</kw>
<kw name="Click Element" owner="SeleniumLibrary">
<msg time="2025-04-03T11:00:23.011737" level="INFO">Clicking element 'xpath=//button[normalize-space(.)="COMPRAR"]'.</msg>
<arg>${BOTAO_COMPRAR}</arg>
<doc>Click the element identified by ``locator``.</doc>
<status status="PASS" start="2025-04-03T11:00:23.011174" elapsed="0.936373"/>
</kw>
<kw name="Wait Until Page Contains Element" owner="SeleniumLibrary">
<arg>${GARANTIA_CHECKBOX}</arg>
<doc>Waits until the element ``locator`` appears on the current page.</doc>
<status status="PASS" start="2025-04-03T11:00:23.948056" elapsed="4.548361"/>
</kw>
<kw name="Log To Console" owner="BuiltIn">
<arg>🛒 Produto adicionado ao carrinho com sucesso</arg>
<doc>Logs the given message to the console.</doc>
<status status="PASS" start="2025-04-03T11:00:28.496417" elapsed="0.000000"/>
</kw>
<kw name="Log" owner="BuiltIn">
<msg time="2025-04-03T11:00:28.498353" level="INFO">Produto adicionado ao carrinho após clique em "Comprar"</msg>
<arg>Produto adicionado ao carrinho após clique em "Comprar"</arg>
<doc>Logs the given message with the given level.</doc>
<status status="PASS" start="2025-04-03T11:00:28.496417" elapsed="0.001936"/>
</kw>
<doc>Clica no botão "Comprar" e aguarda o carregamento da seção de garantia.</doc>
<status status="PASS" start="2025-04-03T11:00:21.390152" elapsed="7.108201"/>
</kw>
<kw name="Selecionar Garantia Estendida" owner="keywords">
<kw name="Get Element Attribute" owner="SeleniumLibrary">
<msg time="2025-04-03T11:00:29.148054" level="INFO">${ja_selecionado} = true</msg>
<var>${ja_selecionado}</var>
<arg>${elemento}</arg>
<arg>checked</arg>
<doc>Returns the value of ``attribute`` from the element ``locator``.</doc>
<status status="PASS" start="2025-04-03T11:00:28.501072" elapsed="0.646982"/>
</kw>
<if>
<branch type="IF" condition="'${ja_selecionado}' != 'true'">
<kw name="Click Element" owner="SeleniumLibrary">
<arg>${elemento}</arg>
<doc>Click the element identified by ``locator``.</doc>
<status status="NOT RUN" start="2025-04-03T11:00:29.148054" elapsed="0.000000"/>
</kw>
<kw name="Log To Console" owner="BuiltIn">
<arg>🔧 Garantia "${descricao}" foi selecionada</arg>
<doc>Logs the given message to the console.</doc>
<status status="NOT RUN" start="2025-04-03T11:00:29.150097" elapsed="0.000000"/>
</kw>
<kw name="Log" owner="BuiltIn">
<arg>Garantia estendida "${descricao}" selecionada manualmente</arg>
<doc>Logs the given message with the given level.</doc>
<status status="NOT RUN" start="2025-04-03T11:00:29.150097" elapsed="0.000000"/>
</kw>
<status status="NOT RUN" start="2025-04-03T11:00:29.148054" elapsed="0.002557"/>
</branch>
<branch type="ELSE">
<kw name="Log To Console" owner="BuiltIn">
<arg>ℹ️ Garantia "${descricao}" já estava selecionada</arg>
<doc>Logs the given message to the console.</doc>
<status status="PASS" start="2025-04-03T11:00:29.150611" elapsed="0.000000"/>
</kw>
<kw name="Log" owner="BuiltIn">
<msg time="2025-04-03T11:00:29.150611" level="INFO">Garantia já estava selecionada</msg>
<arg>Garantia já estava selecionada</arg>
<doc>Logs the given message with the given level.</doc>
<status status="PASS" start="2025-04-03T11:00:29.150611" elapsed="0.002206"/>
</kw>
<status status="PASS" start="2025-04-03T11:00:29.150611" elapsed="0.002206"/>
</branch>
<status status="PASS" start="2025-04-03T11:00:29.148054" elapsed="0.004763"/>
</if>
<arg>${GARANTIA_CHECKBOX}</arg>
<arg>${GARANTIA_LABEL}</arg>
<doc>Seleciona a garantia estendida, caso ainda não esteja marcada.</doc>
<status status="PASS" start="2025-04-03T11:00:28.498353" elapsed="0.654464"/>
</kw>
<kw name="Acessar Carrinho" owner="keywords">
<kw name="Wait Until Element Is Visible" owner="SeleniumLibrary">
<arg>${IR_PARA_CARRINHO_BUTTON}</arg>
<doc>Waits until the element ``locator`` is visible.</doc>
<status status="PASS" start="2025-04-03T11:00:29.152817" elapsed="0.676406"/>
</kw>
<kw name="Wait Until Element Is Enabled" owner="SeleniumLibrary">
<arg>${IR_PARA_CARRINHO_BUTTON}</arg>
<doc>Waits until the element ``locator`` is enabled.</doc>
<status status="PASS" start="2025-04-03T11:00:29.829223" elapsed="0.962958"/>
</kw>
<kw name="Click Element" owner="SeleniumLibrary">
<msg time="2025-04-03T11:00:30.793211" level="INFO">Clicking element 'css=a#linkCarrinhoHeader'.</msg>
<arg>${IR_PARA_CARRINHO_BUTTON}</arg>
<doc>Click the element identified by ``locator``.</doc>
<status status="PASS" start="2025-04-03T11:00:30.793211" elapsed="4.877741"/>
</kw>
<kw name="Wait Until Element Is Visible" owner="SeleniumLibrary">
<arg>${PRODUTO_NO_CARRINHO}</arg>
<doc>Waits until the element ``locator`` is visible.</doc>
<status status="PASS" start="2025-04-03T11:00:35.671473" elapsed="0.682266"/>
</kw>
<kw name="Log To Console" owner="BuiltIn">
<arg>🧾 Carrinho acessado com sucesso</arg>
<doc>Logs the given message to the console.</doc>
<status status="PASS" start="2025-04-03T11:00:36.353739" elapsed="0.000000"/>
</kw>
<kw name="Log" owner="BuiltIn">
<msg time="2025-04-03T11:00:36.355778" level="INFO">Carrinho acessado e produto carregado na tela</msg>
<arg>Carrinho acessado e produto carregado na tela</arg>
<doc>Logs the given message with the given level.</doc>
<status status="PASS" start="2025-04-03T11:00:36.353739" elapsed="0.002039"/>
</kw>
<doc>Clica para ir ao carrinho e aguarda o produto ser carregado.</doc>
<status status="PASS" start="2025-04-03T11:00:29.152817" elapsed="7.202961"/>
</kw>
<kw name="Validar Produto No Carrinho" owner="keywords">
<kw name="Element Should Contain" owner="SeleniumLibrary">
<msg time="2025-04-03T11:00:37.005164" level="INFO">Element 'css=a.productName' contains text 'Notebook'.</msg>
<arg>${PRODUTO_NO_CARRINHO}</arg>
<arg>${SEARCH_TERM}</arg>
<doc>Verifies that element ``locator`` contains text ``expected``.</doc>
<status status="PASS" start="2025-04-03T11:00:36.355778" elapsed="0.649835"/>
</kw>
<kw name="Element Should Contain" owner="SeleniumLibrary">
<msg time="2025-04-03T11:00:37.651887" level="INFO">Element 'xpath=//span[contains(text(), "12 Meses")]' contains text '12 Meses'.</msg>
<arg>${GARANTIA_NO_CARRINHO}</arg>
<arg>${GARANTIA_LABEL}</arg>
<doc>Verifies that element ``locator`` contains text ``expected``.</doc>
<status status="PASS" start="2025-04-03T11:00:37.005613" elapsed="0.646274"/>
</kw>
<kw name="Log To Console" owner="BuiltIn">
<arg>✅ Produto e garantia validados no carrinho com sucesso</arg>
<doc>Logs the given message to the console.</doc>
<status status="PASS" start="2025-04-03T11:00:37.651887" elapsed="0.000000"/>
</kw>
<kw name="Log" owner="BuiltIn">
<msg time="2025-04-03T11:00:37.651887" level="INFO">Validação final concluída com sucesso</msg>
<arg>Validação final concluída com sucesso</arg>
<doc>Logs the given message with the given level.</doc>
<status status="PASS" start="2025-04-03T11:00:37.651887" elapsed="0.000000"/>
</kw>
<doc>Valida se o produto buscado e a garantia estão corretamente exibidos no carrinho.</doc>
<status status="PASS" start="2025-04-03T11:00:36.355778" elapsed="1.296109"/>
</kw>
<doc>Simula a jornada de compra completa no e-commerce Kabum, incluindo busca de produto, cálculo de frete e seleção de garantia estendida.</doc>
<tag>compra</tag>
<tag>critica</tag>
<tag>e2e</tag>
<status status="PASS" start="2025-04-03T11:00:03.171537" elapsed="34.480350"/>
</test>
<kw name="Fechar Navegador" owner="keywords" type="TEARDOWN">
<kw name="Close Browser" owner="SeleniumLibrary">
<doc>Closes the current browser.</doc>
<status status="PASS" start="2025-04-03T11:00:37.654954" elapsed="2.603478"/>
</kw>
<kw name="Log To Console" owner="BuiltIn">
<arg>🚪 Navegador fechado</arg>
<doc>Logs the given message to the console.</doc>
<status status="PASS" start="2025-04-03T11:00:40.258432" elapsed="0.001510"/>
</kw>
<kw name="Log" owner="BuiltIn">
<msg time="2025-04-03T11:00:40.260968" level="INFO">Navegador encerrado com sucesso</msg>
<arg>Navegador encerrado com sucesso</arg>
<doc>Logs the given message with the given level.</doc>
<status status="PASS" start="2025-04-03T11:00:40.259942" elapsed="0.001026"/>
</kw>
<doc>Fecha o navegador e captura screenshot se o teste falhar.</doc>
<status status="PASS" start="2025-04-03T11:00:37.654954" elapsed="2.606014"/>
</kw>
<doc>Executa um teste E2E simulando a compra de um notebook com garantia estendida e validação de frete no site Kabum.</doc>
<status status="PASS" start="2025-04-03T10:59:45.652774" elapsed="54.608194"/>
</suite>
<status status="PASS" start="2025-04-03T10:59:45.565789" elapsed="54.697852"/>
</suite>
<statistics>
<total>
<stat pass="1" fail="0" skip="0">All Tests</stat>
</total>
<tag>
<stat pass="1" fail="0" skip="0">compra</stat>
<stat pass="1" fail="0" skip="0">critica</stat>
<stat pass="1" fail="0" skip="0">e2e</stat>
</tag>
<suite>
<stat name="Tests" id="s1" pass="1" fail="0" skip="0">Tests</stat>
<stat name="Compra Com Garantia" id="s1-s1" pass="1" fail="0" skip="0">Tests.Compra Com Garantia</stat>
</suite>
</statistics>
<errors>
<msg time="2025-04-03T10:59:47.129118" level="WARN">The chromedriver version (134.0.6998.165) detected in PATH at C:\Projetos\chromedriver.exe might not be compatible with the detected chrome version (135.0.7049.41); currently, chromedriver 135.0.7049.42 is recommended for chrome 135.*, so it is advised to delete the driver in PATH and retry</msg>
</errors>
</robot>
