<?xml version="1.0" encoding="UTF-8"?>
<robot generator="Robot 7.2.2 (Python 3.12.6 on win32)" generated="2025-04-03T18:32:13.515356" rpa="false" schemaversion="5">
<suite id="s1" name="Tests" source="C:\Projetos\frontend-backend-tests-robotframework\frontend\tests">
<suite id="s1-s1" name="Compra Com Garantia" source="C:\Projetos\frontend-backend-tests-robotframework\frontend\tests\Compra_Com_Garantia.robot">
<kw name="Abrir Site Kabum" owner="keywords" type="SETUP">
<kw name="Open Browser" owner="SeleniumLibrary">
<msg time="2025-04-03T18:32:13.872641" level="INFO">Opening browser 'headlesschrome' to base url 'https://www.kabum.com.br'.</msg>
<msg time="2025-04-03T18:32:14.770421" level="WARN">The chromedriver version (134.0.6998.165) detected in PATH at C:\Projetos\chromedriver.exe might not be compatible with the detected chrome version (135.0.7049.41); currently, chromedriver 135.0.7049.42 is recommended for chrome 135.*, so it is advised to delete the driver in PATH and retry</msg>
<arg>${URL}</arg>
<arg>headlesschrome</arg>
<doc>Opens a new browser instance to the optional ``url``.</doc>
<status status="PASS" start="2025-04-03T18:32:13.872641" elapsed="5.501934"/>
</kw>
<kw name="Set Window Size" owner="SeleniumLibrary">
<arg>1920</arg>
<arg>1080</arg>
<doc>Sets current windows size to given ``width`` and ``height``.</doc>
<status status="PASS" start="2025-04-03T18:32:19.374575" elapsed="0.058076"/>
</kw>
<kw name="Wait Until Page Contains Element" owner="SeleniumLibrary">
<arg>${SEARCH_INPUT}</arg>
<doc>Waits until the element ``locator`` appears on the current page.</doc>
<status status="PASS" start="2025-04-03T18:32:19.432651" elapsed="0.038392"/>
</kw>
<kw name="Run Keyword And Ignore Error" owner="BuiltIn">
<kw name="Click Element" owner="SeleniumLibrary">
<msg time="2025-04-03T18:32:19.472044" level="INFO">Clicking element 'id=onetrust-accept-btn-handler'.</msg>
<arg>${COOKIES}</arg>
<doc>Click the element identified by ``locator``.</doc>
<status status="PASS" start="2025-04-03T18:32:19.472044" elapsed="0.219485"/>
</kw>
<arg>Click Element</arg>
<arg>${COOKIES}</arg>
<doc>Runs the given keyword with the given arguments and ignores possible error.</doc>
<status status="PASS" start="2025-04-03T18:32:19.472044" elapsed="0.219485"/>
</kw>
<kw name="Log To Console" owner="BuiltIn">
<arg>✅ Site Kabum aberto com sucesso</arg>
<doc>Logs the given message to the console.</doc>
<status status="PASS" start="2025-04-03T18:32:19.691529" elapsed="0.000000"/>
</kw>
<kw name="Log" owner="BuiltIn">
<msg time="2025-04-03T18:32:19.691529" level="INFO">Navegador aberto na URL https://www.kabum.com.br</msg>
<arg>Navegador aberto na URL ${URL}</arg>
<doc>Logs the given message with the given level.</doc>
<status status="PASS" start="2025-04-03T18:32:19.691529" elapsed="0.000000"/>
</kw>
<doc>Abre o navegador em modo headless.</doc>
<status status="PASS" start="2025-04-03T18:32:13.871633" elapsed="5.820893"/>
</kw>
<test id="s1-s1-t1" name="TC01 - Fluxo de Compra com Garantia Estendida" line="10">
<kw name="Buscar e Selecionar Produto" owner="keywords">
<kw name="Input Text" owner="SeleniumLibrary">
<msg time="2025-04-03T18:32:19.693642" level="INFO">Typing text 'Notebook' into text field 'id=input-busca'.</msg>
<arg>${SEARCH_INPUT}</arg>
<arg>${produto}</arg>
<doc>Types the given ``text`` into the text field identified by ``locator``.</doc>
<status status="PASS" start="2025-04-03T18:32:19.693642" elapsed="0.120725"/>
</kw>
<kw name="Wait Until Element Is Visible" owner="SeleniumLibrary">
<arg>${SUGESTAO_PRODUTO}</arg>
<doc>Waits until the element ``locator`` is visible.</doc>
<status status="PASS" start="2025-04-03T18:32:19.815393" elapsed="1.323750"/>
</kw>
<kw name="Click Element" owner="SeleniumLibrary">
<msg time="2025-04-03T18:32:21.140142" level="INFO">Clicking element 'css=.DropdownSearchbar a.sc-dd558cc4-8:first-of-type'.</msg>
<arg>${SUGESTAO_PRODUTO}</arg>
<doc>Click the element identified by ``locator``.</doc>
<status status="PASS" start="2025-04-03T18:32:21.140142" elapsed="4.818671"/>
</kw>
<kw name="Wait Until Page Contains Element" owner="SeleniumLibrary">
<arg>${BOTAO_COMPRAR}</arg>
<doc>Waits until the element ``locator`` appears on the current page.</doc>
<status status="PASS" start="2025-04-03T18:32:25.959893" elapsed="0.017873"/>
</kw>
<kw name="Log To Console" owner="BuiltIn">
<arg>🔎 Produto "${produto}" selecionado com sucesso</arg>
<doc>Logs the given message to the console.</doc>
<status status="PASS" start="2025-04-03T18:32:25.977766" elapsed="0.000996"/>
</kw>
<kw name="Log" owner="BuiltIn">
<msg time="2025-04-03T18:32:25.978762" level="INFO">Busca concluída para: Notebook</msg>
<arg>Busca concluída para: ${produto}</arg>
<doc>Logs the given message with the given level.</doc>
<status status="PASS" start="2025-04-03T18:32:25.978762" elapsed="0.000000"/>
</kw>
<arg>${SEARCH_TERM}</arg>
<doc>Realiza a busca por um produto e clica na sugestão visível da pesquisa.</doc>
<status status="PASS" start="2025-04-03T18:32:19.693642" elapsed="6.285120"/>
</kw>
<kw name="Inserir CEP E Validar Modal de Frete" owner="keywords">
<kw name="Scroll Element Into View" owner="SeleniumLibrary">
<arg>${CALCULAR_FRETE_BUTTON}</arg>
<doc>Scrolls the element identified by ``locator`` into view.</doc>
<status status="PASS" start="2025-04-03T18:32:25.979767" elapsed="0.310880"/>
</kw>
<kw name="Click Element" owner="SeleniumLibrary">
<msg time="2025-04-03T18:32:26.290647" level="INFO">Clicking element 'css=[data-testid="ZipCodeInput"]'.</msg>
<arg>${FRETE_INPUT}</arg>
<doc>Click the element identified by ``locator``.</doc>
<status status="PASS" start="2025-04-03T18:32:26.290647" elapsed="0.071743"/>
</kw>
<kw name="Input Text" owner="SeleniumLibrary">
<msg time="2025-04-03T18:32:26.362390" level="INFO">Typing text '52071335' into text field 'css=[data-testid="ZipCodeInput"]'.</msg>
<arg>${FRETE_INPUT}</arg>
<arg>${cep}</arg>
<doc>Types the given ``text`` into the text field identified by ``locator``.</doc>
<status status="PASS" start="2025-04-03T18:32:26.362390" elapsed="0.109720"/>
</kw>
<kw name="Click Element" owner="SeleniumLibrary">
<msg time="2025-04-03T18:32:26.473147" level="INFO">Clicking element 'id=botaoCalcularFrete'.</msg>
<arg>${CALCULAR_FRETE_BUTTON}</arg>
<doc>Click the element identified by ``locator``.</doc>
<status status="PASS" start="2025-04-03T18:32:26.472110" elapsed="0.150338"/>
</kw>
<kw name="Wait Until Element Is Visible" owner="SeleniumLibrary">
<arg>${MODAL_FRETE}</arg>
<doc>Waits until the element ``locator`` is visible.</doc>
<status status="PASS" start="2025-04-03T18:32:26.623457" elapsed="0.714271"/>
</kw>
<kw name="Element Should Be Visible" owner="SeleniumLibrary">
<msg time="2025-04-03T18:32:27.353592" level="INFO">Element 'xpath=//span[text()[contains(., "Entrega Econômica")]]' is displayed.</msg>
<arg>${FRETE_ECONOMICA}</arg>
<doc>Verifies that the element identified by ``locator`` is visible.</doc>
<status status="PASS" start="2025-04-03T18:32:27.337728" elapsed="0.015864"/>
</kw>
<kw name="Element Should Be Visible" owner="SeleniumLibrary">
<msg time="2025-04-03T18:32:27.371660" level="INFO">Element 'xpath=//span[text()[contains(., "Entrega Expressa")]]' is displayed.</msg>
<arg>${FRETE_EXPRESSA}</arg>
<doc>Verifies that the element identified by ``locator`` is visible.</doc>
<status status="PASS" start="2025-04-03T18:32:27.353592" elapsed="0.018068"/>
</kw>
<kw name="Log To Console" owner="BuiltIn">
<arg>📦 Modal de frete validado com sucesso para o CEP: ${cep}</arg>
<doc>Logs the given message to the console.</doc>
<status status="PASS" start="2025-04-03T18:32:27.371660" elapsed="0.000000"/>
</kw>
<kw name="Log" owner="BuiltIn">
<msg time="2025-04-03T18:32:27.372659" level="INFO">Frete validado com sucesso para o CEP 52071335</msg>
<arg>Frete validado com sucesso para o CEP ${cep}</arg>
<doc>Logs the given message with the given level.</doc>
<status status="PASS" start="2025-04-03T18:32:27.372659" elapsed="0.000000"/>
</kw>
<arg>${CEP_VALIDO}</arg>
<doc>Insere o CEP informado e valida se as opções de frete estão visíveis no modal.</doc>
<status status="PASS" start="2025-04-03T18:32:25.978762" elapsed="1.393897"/>
</kw>
<kw name="Fechar Modal de Frete" owner="keywords">
<kw name="Wait Until Element Is Visible" owner="SeleniumLibrary">
<arg>${BOTAO_FECHAR_MODAL}</arg>
<doc>Waits until the element ``locator`` is visible.</doc>
<status status="PASS" start="2025-04-03T18:32:27.373660" elapsed="0.013868"/>
</kw>
<kw name="Wait Until Element Is Enabled" owner="SeleniumLibrary">
<arg>${BOTAO_FECHAR_MODAL}</arg>
<doc>Waits until the element ``locator`` is enabled.</doc>
<status status="PASS" start="2025-04-03T18:32:27.388531" elapsed="0.015548"/>
</kw>
<kw name="Click Element" owner="SeleniumLibrary">
<msg time="2025-04-03T18:32:27.405332" level="INFO">Clicking element 'css=div[role="dialog"] button[aria-label="Fechar"]'.</msg>
<arg>${BOTAO_FECHAR_MODAL}</arg>
<doc>Click the element identified by ``locator``.</doc>
<status status="PASS" start="2025-04-03T18:32:27.404079" elapsed="0.085255"/>
</kw>
<kw name="Log To Console" owner="BuiltIn">
<arg>✅ Modal de frete fechado com sucesso</arg>
<doc>Logs the given message to the console.</doc>
<status status="PASS" start="2025-04-03T18:32:27.489334" elapsed="0.000000"/>
</kw>
<kw name="Log" owner="BuiltIn">
<msg time="2025-04-03T18:32:27.490331" level="INFO">Modal de frete fechado</msg>
<arg>Modal de frete fechado</arg>
<doc>Logs the given message with the given level.</doc>
<status status="PASS" start="2025-04-03T18:32:27.490331" elapsed="0.000000"/>
</kw>
<doc>Fecha o modal de opções de frete.</doc>
<status status="PASS" start="2025-04-03T18:32:27.372659" elapsed="0.117672"/>
</kw>
<kw name="Adicionar Produto ao Carrinho" owner="keywords">
<kw name="Wait Until Element Is Visible" owner="SeleniumLibrary">
<arg>${BOTAO_COMPRAR}</arg>
<doc>Waits until the element ``locator`` is visible.</doc>
<status status="PASS" start="2025-04-03T18:32:27.490331" elapsed="0.017699"/>
</kw>
<kw name="Wait Until Element Is Enabled" owner="SeleniumLibrary">
<arg>${BOTAO_COMPRAR}</arg>
<doc>Waits until the element ``locator`` is enabled.</doc>
<status status="PASS" start="2025-04-03T18:32:27.508030" elapsed="0.016791"/>
</kw>
<kw name="Click Element" owner="SeleniumLibrary">
<msg time="2025-04-03T18:32:27.524821" level="INFO">Clicking element 'xpath=//button[normalize-space(.)="COMPRAR"]'.</msg>
<arg>${BOTAO_COMPRAR}</arg>
<doc>Click the element identified by ``locator``.</doc>
<status status="PASS" start="2025-04-03T18:32:27.524821" elapsed="0.108853"/>
</kw>
<kw name="Wait Until Page Contains Element" owner="SeleniumLibrary">
<arg>${GARANTIA_CHECKBOX}</arg>
<doc>Waits until the element ``locator`` appears on the current page.</doc>
<status status="PASS" start="2025-04-03T18:32:27.634715" elapsed="1.962758"/>
</kw>
<kw name="Log To Console" owner="BuiltIn">
<arg>🛒 Produto adicionado ao carrinho com sucesso</arg>
<doc>Logs the given message to the console.</doc>
<status status="PASS" start="2025-04-03T18:32:29.597473" elapsed="0.001004"/>
</kw>
<kw name="Log" owner="BuiltIn">
<msg time="2025-04-03T18:32:29.598477" level="INFO">Produto adicionado ao carrinho após clique em "Comprar"</msg>
<arg>Produto adicionado ao carrinho após clique em "Comprar"</arg>
<doc>Logs the given message with the given level.</doc>
<status status="PASS" start="2025-04-03T18:32:29.598477" elapsed="0.000000"/>
</kw>
<doc>Clica no botão "Comprar" e aguarda o carregamento da seção de garantia.</doc>
<status status="PASS" start="2025-04-03T18:32:27.490331" elapsed="2.108146"/>
</kw>
<kw name="Selecionar Garantia Estendida" owner="keywords">
<kw name="Get Element Attribute" owner="SeleniumLibrary">
<msg time="2025-04-03T18:32:29.618760" level="INFO">${ja_selecionado} = true</msg>
<var>${ja_selecionado}</var>
<arg>${elemento}</arg>
<arg>checked</arg>
<doc>Returns the value of ``attribute`` from the element ``locator``.</doc>
<status status="PASS" start="2025-04-03T18:32:29.599470" elapsed="0.019290"/>
</kw>
<if>
<branch type="IF" condition="'${ja_selecionado}' != 'true'">
<kw name="Click Element" owner="SeleniumLibrary">
<arg>${elemento}</arg>
<doc>Click the element identified by ``locator``.</doc>
<status status="NOT RUN" start="2025-04-03T18:32:29.618760" elapsed="0.000000"/>
</kw>
<kw name="Log To Console" owner="BuiltIn">
<arg>🔧 Garantia "${descricao}" foi selecionada</arg>
<doc>Logs the given message to the console.</doc>
<status status="NOT RUN" start="2025-04-03T18:32:29.618760" elapsed="0.000000"/>
</kw>
<kw name="Log" owner="BuiltIn">
<arg>Garantia estendida "${descricao}" selecionada manualmente</arg>
<doc>Logs the given message with the given level.</doc>
<status status="NOT RUN" start="2025-04-03T18:32:29.618760" elapsed="0.000000"/>
</kw>
<status status="NOT RUN" start="2025-04-03T18:32:29.618760" elapsed="0.000000"/>
</branch>
<branch type="ELSE">
<kw name="Log To Console" owner="BuiltIn">
<arg>ℹ️ Garantia "${descricao}" já estava selecionada</arg>
<doc>Logs the given message to the console.</doc>
<status status="PASS" start="2025-04-03T18:32:29.618760" elapsed="0.001105"/>
</kw>
<kw name="Log" owner="BuiltIn">
<msg time="2025-04-03T18:32:29.619865" level="INFO">Garantia já estava selecionada</msg>
<arg>Garantia já estava selecionada</arg>
<doc>Logs the given message with the given level.</doc>
<status status="PASS" start="2025-04-03T18:32:29.619865" elapsed="0.000000"/>
</kw>
<status status="PASS" start="2025-04-03T18:32:29.618760" elapsed="0.001105"/>
</branch>
<status status="PASS" start="2025-04-03T18:32:29.618760" elapsed="0.001105"/>
</if>
<arg>${GARANTIA_CHECKBOX}</arg>
<arg>${GARANTIA_LABEL}</arg>
<doc>Seleciona a garantia estendida, caso ainda não esteja marcada.</doc>
<status status="PASS" start="2025-04-03T18:32:29.599470" elapsed="0.021330"/>
</kw>
<kw name="Acessar Carrinho" owner="keywords">
<kw name="Wait Until Element Is Visible" owner="SeleniumLibrary">
<arg>${IR_PARA_CARRINHO_BUTTON}</arg>
<doc>Waits until the element ``locator`` is visible.</doc>
<status status="PASS" start="2025-04-03T18:32:29.620800" elapsed="0.023933"/>
</kw>
<kw name="Wait Until Element Is Enabled" owner="SeleniumLibrary">
<arg>${IR_PARA_CARRINHO_BUTTON}</arg>
<doc>Waits until the element ``locator`` is enabled.</doc>
<status status="PASS" start="2025-04-03T18:32:29.644733" elapsed="0.026014"/>
</kw>
<kw name="Click Element" owner="SeleniumLibrary">
<msg time="2025-04-03T18:32:29.670747" level="INFO">Clicking element 'css=a#linkCarrinhoHeader'.</msg>
<arg>${IR_PARA_CARRINHO_BUTTON}</arg>
<doc>Click the element identified by ``locator``.</doc>
<status status="PASS" start="2025-04-03T18:32:29.670747" elapsed="2.883697"/>
</kw>
<kw name="Wait Until Element Is Visible" owner="SeleniumLibrary">
<arg>${PRODUTO_NO_CARRINHO}</arg>
<doc>Waits until the element ``locator`` is visible.</doc>
<status status="PASS" start="2025-04-03T18:32:32.555456" elapsed="0.066582"/>
</kw>
<kw name="Log To Console" owner="BuiltIn">
<arg>🧾 Carrinho acessado com sucesso</arg>
<doc>Logs the given message to the console.</doc>
<status status="PASS" start="2025-04-03T18:32:32.623039" elapsed="0.000000"/>
</kw>
<kw name="Log" owner="BuiltIn">
<msg time="2025-04-03T18:32:32.623039" level="INFO">Carrinho acessado e produto carregado na tela</msg>
<arg>Carrinho acessado e produto carregado na tela</arg>
<doc>Logs the given message with the given level.</doc>
<status status="PASS" start="2025-04-03T18:32:32.623039" elapsed="0.000000"/>
</kw>
<doc>Clica para ir ao carrinho e aguarda o produto ser carregado.</doc>
<status status="PASS" start="2025-04-03T18:32:29.620800" elapsed="3.002239"/>
</kw>
<kw name="Validar Produto No Carrinho" owner="keywords">
<kw name="Element Should Contain" owner="SeleniumLibrary">
<msg time="2025-04-03T18:32:32.649484" level="INFO">Element 'css=a.productName' contains text 'Notebook'.</msg>
<arg>${PRODUTO_NO_CARRINHO}</arg>
<arg>${SEARCH_TERM}</arg>
<doc>Verifies that element ``locator`` contains text ``expected``.</doc>
<status status="PASS" start="2025-04-03T18:32:32.624061" elapsed="0.025423"/>
</kw>
<kw name="Element Should Contain" owner="SeleniumLibrary">
<msg time="2025-04-03T18:32:32.671948" level="INFO">Element 'xpath=//span[contains(text(), "12 Meses")]' contains text '12 Meses'.</msg>
<arg>${GARANTIA_NO_CARRINHO}</arg>
<arg>${GARANTIA_LABEL}</arg>
<doc>Verifies that element ``locator`` contains text ``expected``.</doc>
<status status="PASS" start="2025-04-03T18:32:32.650482" elapsed="0.021466"/>
</kw>
<kw name="Log To Console" owner="BuiltIn">
<arg>✅ Produto e garantia validados no carrinho com sucesso</arg>
<doc>Logs the given message to the console.</doc>
<status status="PASS" start="2025-04-03T18:32:32.671948" elapsed="0.000999"/>
</kw>
<kw name="Log" owner="BuiltIn">
<msg time="2025-04-03T18:32:32.672947" level="INFO">Validação final concluída com sucesso</msg>
<arg>Validação final concluída com sucesso</arg>
<doc>Logs the given message with the given level.</doc>
<status status="PASS" start="2025-04-03T18:32:32.672947" elapsed="0.000000"/>
</kw>
<doc>Valida se o produto buscado e a garantia estão corretamente exibidos no carrinho.</doc>
<status status="PASS" start="2025-04-03T18:32:32.624061" elapsed="0.048886"/>
</kw>
<doc>Simula a jornada de compra completa no e-commerce Kabum, incluindo busca de produto, cálculo de frete e seleção de garantia estendida.</doc>
<tag>compra</tag>
<tag>critica</tag>
<tag>e2e</tag>
<status status="PASS" start="2025-04-03T18:32:19.692526" elapsed="12.981423"/>
</test>
<kw name="Fechar Navegador" owner="keywords" type="TEARDOWN">
<kw name="Close Browser" owner="SeleniumLibrary">
<doc>Closes the current browser.</doc>
<status status="PASS" start="2025-04-03T18:32:32.675948" elapsed="2.195077"/>
</kw>
<kw name="Log To Console" owner="BuiltIn">
<arg>🚪 Navegador fechado</arg>
<doc>Logs the given message to the console.</doc>
<status status="PASS" start="2025-04-03T18:32:34.871025" elapsed="0.000966"/>
</kw>
<kw name="Log" owner="BuiltIn">
<msg time="2025-04-03T18:32:34.871991" level="INFO">Navegador encerrado com sucesso</msg>
<arg>Navegador encerrado com sucesso</arg>
<doc>Logs the given message with the given level.</doc>
<status status="PASS" start="2025-04-03T18:32:34.871991" elapsed="0.000000"/>
</kw>
<doc>Fecha o navegador e captura screenshot se o teste falhar.</doc>
<status status="PASS" start="2025-04-03T18:32:32.674948" elapsed="2.197043"/>
</kw>
<doc>Executa um teste E2E simulando a compra de um notebook com garantia estendida e validação de frete no site Kabum.</doc>
<status status="PASS" start="2025-04-03T18:32:13.542851" elapsed="21.329140"/>
</suite>
<status status="PASS" start="2025-04-03T18:32:13.516337" elapsed="21.358876"/>
</suite>
<statistics>
<total>
<stat pass="1" fail="0" skip="0">All Tests</stat>
</total>
<tag>
<stat pass="1" fail="0" skip="0">compra</stat>
<stat pass="1" fail="0" skip="0">critica</stat>
<stat pass="1" fail="0" skip="0">e2e</stat>
</tag>
<suite>
<stat name="Tests" id="s1" pass="1" fail="0" skip="0">Tests</stat>
<stat name="Compra Com Garantia" id="s1-s1" pass="1" fail="0" skip="0">Tests.Compra Com Garantia</stat>
</suite>
</statistics>
<errors>
<msg time="2025-04-03T18:32:14.770421" level="WARN">The chromedriver version (134.0.6998.165) detected in PATH at C:\Projetos\chromedriver.exe might not be compatible with the detected chrome version (135.0.7049.41); currently, chromedriver 135.0.7049.42 is recommended for chrome 135.*, so it is advised to delete the driver in PATH and retry</msg>
</errors>
</robot>
